2023-10-03 12:38:24,532 ERROR Main: Начало скачек. Количество участников: 7
2023-10-03 12:43:14,438 ERROR Main: Начало скачек. Количество участников: 7
2023-10-03 12:52:15,810 INFO  Main: Начало скачек. Количество участников: 7
2023-10-03 12:56:08,691 INFO  Main: Начало скачек. Количество участников: 7
2023-10-03 12:56:09,564 INFO  Main: Окончание скачек. Победитель: Cherry
2023-10-03 13:06:21,046 DEBUG Horse: Создание Horse, имя [Лобстер], скорость [2.8]
2023-10-03 13:06:21,051 DEBUG Horse: Создание Horse, имя [Лобстер], скорость [2.8]
2023-10-03 13:06:21,051 DEBUG Horse: Создание Horse, имя [Лобстер], скорость [2.8]
2023-10-03 13:06:21,052 DEBUG Horse: Создание Horse, имя [Лобстер], скорость [2.8]
2023-10-03 13:06:21,052 DEBUG Horse: Создание Horse, имя [Лобстер], скорость [2.8]
2023-10-03 13:06:21,052 DEBUG Horse: Создание Horse, имя [Лобстер], скорость [2.8]
2023-10-03 13:06:21,052 DEBUG Horse: Создание Horse, имя [Лобстер], скорость [2.8]
2023-10-03 13:06:21,054 DEBUG Hippodrome: Создание Hippodrome, лошадей [7]
2023-10-03 13:06:21,058 INFO  Main: Начало скачек. Количество участников: 7
2023-10-03 13:06:21,901 INFO  Main: Окончание скачек. Победитель: Pegasus
2023-10-03 13:07:23,705 DEBUG Horse: Создание Horse, имя [Лобстер], скорость [2.8]
2023-10-03 13:07:23,710 DEBUG Horse: Создание Horse, имя [Лобстер], скорость [2.8]
2023-10-03 13:07:23,710 DEBUG Horse: Создание Horse, имя [Лобстер], скорость [2.8]
2023-10-03 13:07:23,710 DEBUG Horse: Создание Horse, имя [Лобстер], скорость [2.8]
2023-10-03 13:07:23,710 DEBUG Horse: Создание Horse, имя [Лобстер], скорость [2.8]
2023-10-03 13:07:23,710 DEBUG Horse: Создание Horse, имя [Лобстер], скорость [2.8]
2023-10-03 13:07:23,712 DEBUG Horse: Создание Horse, имя [Лобстер], скорость [2.8]
2023-10-03 13:07:23,713 DEBUG Hippodrome: Создание Hippodrome, лошадей [7]
2023-10-03 13:07:23,717 INFO  Main: Начало скачек. Количество участников: 7
2023-10-03 13:07:24,578 INFO  Main: Окончание скачек. Победитель: Lobster
2023-10-03 13:08:06,903 DEBUG Hippodrome: Создание Hippodrome, лошадей [7]
2023-10-03 13:08:06,912 INFO  Main: Начало скачек. Количество участников: 7
2023-10-03 13:08:07,763 INFO  Main: Окончание скачек. Победитель: Pegasus
2023-10-03 13:14:03,204 DEBUG Horse: Создание Horse, имя [], скорость []
2023-10-03 13:14:03,209 DEBUG Horse: Создание Horse, имя [], скорость []
2023-10-03 13:14:03,209 DEBUG Horse: Создание Horse, имя [], скорость []
2023-10-03 13:14:03,209 DEBUG Horse: Создание Horse, имя [], скорость []
2023-10-03 13:14:03,209 DEBUG Horse: Создание Horse, имя [], скорость []
2023-10-03 13:14:03,210 DEBUG Horse: Создание Horse, имя [], скорость []
2023-10-03 13:14:03,210 DEBUG Horse: Создание Horse, имя [], скорость []
2023-10-03 13:14:03,211 DEBUG Hippodrome: Создание Hippodrome, лошадей []
2023-10-03 13:14:03,212 INFO  Main: Начало скачек. Количество участников: 7
2023-10-03 13:14:04,095 INFO  Main: Окончание скачек. Победитель: Cherry
2023-10-03 13:15:48,272 DEBUG Horse: Создание Horse, имя [], скорость []
2023-10-03 13:15:48,278 DEBUG Horse: Создание Horse, имя [], скорость []
2023-10-03 13:15:48,278 DEBUG Horse: Создание Horse, имя [], скорость []
2023-10-03 13:15:48,278 DEBUG Horse: Создание Horse, имя [], скорость []
2023-10-03 13:15:48,278 DEBUG Horse: Создание Horse, имя [], скорость []
2023-10-03 13:15:48,279 DEBUG Horse: Создание Horse, имя [], скорость []
2023-10-03 13:15:48,279 DEBUG Horse: Создание Horse, имя [], скорость []
2023-10-03 13:15:48,280 DEBUG Hippodrome: Создание Hippodrome, лошадей []
2023-10-03 13:15:48,281 INFO  Main: Начало скачек. Количество участников: 7
2023-10-03 13:15:49,229 INFO  Main: Окончание скачек. Победитель: Pegasus
2023-10-03 13:19:01,515 DEBUG Horse: Создание Horse, имя Bucephalus, скорость 2.4
2023-10-03 13:19:01,522 DEBUG Horse: Создание Horse, имя Ace of Spades, скорость 2.5
2023-10-03 13:19:01,523 DEBUG Horse: Создание Horse, имя Zephyr, скорость 2.6
2023-10-03 13:19:01,523 DEBUG Horse: Создание Horse, имя Blaze, скорость 2.7
2023-10-03 13:19:01,523 DEBUG Horse: Создание Horse, имя Lobster, скорость 2.8
2023-10-03 13:19:01,524 DEBUG Horse: Создание Horse, имя Pegasus, скорость 2.9
2023-10-03 13:19:01,524 DEBUG Horse: Создание Horse, имя Cherry, скорость 3.0
2023-10-03 13:19:01,526 DEBUG Hippodrome: Создание Hippodrome, лошадей 7
2023-10-03 13:19:01,527 INFO  Main: Начало скачек. Количество участников: 7
2023-10-03 13:19:02,366 INFO  Main: Окончание скачек. Победитель: Cherry
2023-10-03 13:19:48,604 DEBUG Horse: Создание Horse, имя [Bucephalus], скорость [2.4]
2023-10-03 13:19:48,613 DEBUG Horse: Создание Horse, имя [Ace of Spades], скорость [2.5]
2023-10-03 13:19:48,614 DEBUG Horse: Создание Horse, имя [Zephyr], скорость [2.6]
2023-10-03 13:19:48,614 DEBUG Horse: Создание Horse, имя [Blaze], скорость [2.7]
2023-10-03 13:19:48,615 DEBUG Horse: Создание Horse, имя [Lobster], скорость [2.8]
2023-10-03 13:19:48,615 DEBUG Horse: Создание Horse, имя [Pegasus], скорость [2.9]
2023-10-03 13:19:48,615 DEBUG Horse: Создание Horse, имя [Cherry], скорость [3.0]
2023-10-03 13:19:48,617 DEBUG Hippodrome: Создание Hippodrome, лошадей [7]
2023-10-03 13:19:48,618 INFO  Main: Начало скачек. Количество участников: 7
2023-10-03 13:19:49,448 INFO  Main: Окончание скачек. Победитель: Cherry
